<?xml version="1.0" encoding="UTF-8"?>
<!-- Generated by org.testng.reporters.JUnitXMLReporter -->
<testsuite ignored="0" hostname="LAPTOP-7FB3PP7D" failures="0" tests="12" name="Default test" time="0.102" errors="0" timestamp="2021-10-13T18:15:46 IST">
  <testcase classname="testng.FlagsOfTestNG" name="run" time="0.009"/>
  <testcase classname="testng.FlagsOfTestNG" name="bun" time="0.002"/>
  <testcase classname="testng.FlagsOfTestNG" name="gun" time="0.002"/>
  <testcase classname="testng.FlagsOfTestNG" name="gun" time="0.002"/>
  <testcase classname="testng.FlagsOfTestNG" name="gun" time="0.003"/>
  <testcase classname="testng.FlagsOfTestNG" name="gun" time="0.002"/>
  <testcase classname="testng.FlagsOfTestNG" name="gun" time="0.002"/>
  <testcase classname="testng.FlagsOfTestNG" name="gun" time="0.002"/>
  <testcase classname="testng.FlagsOfTestNG" name="gun" time="0.002"/>
  <testcase classname="testng.FlagsOfTestNG" name="gun" time="0.002"/>
  <testcase classname="testng.FlagsOfTestNG" name="gun" time="0.001"/>
  <testcase classname="testng.FlagsOfTestNG" name="gun" time="0.001"/>
</testsuite> <!-- Default test -->
