<?xml version="1.0" encoding="UTF-8"?>
<testng-results ignored="0" total="12" passed="12" failed="0" skipped="0">
  <reporter-output>
    <line>
      <![CDATA[Run the m/c]]>
    </line>
    <line>
      <![CDATA[rockon]]>
    </line>
    <line>
      <![CDATA[Gun Loaded]]>
    </line>
    <line>
      <![CDATA[Gun Loaded]]>
    </line>
    <line>
      <![CDATA[Gun Loaded]]>
    </line>
    <line>
      <![CDATA[Gun Loaded]]>
    </line>
    <line>
      <![CDATA[Gun Loaded]]>
    </line>
    <line>
      <![CDATA[Gun Loaded]]>
    </line>
    <line>
      <![CDATA[Gun Loaded]]>
    </line>
    <line>
      <![CDATA[Gun Loaded]]>
    </line>
    <line>
      <![CDATA[Gun Loaded]]>
    </line>
    <line>
      <![CDATA[Gun Loaded]]>
    </line>
  </reporter-output>
  <suite started-at="2021-10-13T18:15:46 IST" name="Default suite" finished-at="2021-10-13T18:15:46 IST" duration-ms="102">
    <groups>
    </groups>
    <test started-at="2021-10-13T18:15:46 IST" name="Default test" finished-at="2021-10-13T18:15:46 IST" duration-ms="102">
      <class name="testng.FlagsOfTestNG">
        <test-method signature="run()[pri:1, instance:testng.FlagsOfTestNG@2f8dad04]" started-at="2021-10-13T18:15:46 IST" name="run" finished-at="2021-10-13T18:15:46 IST" duration-ms="9" status="PASS">
          <reporter-output>
            <line>
              <![CDATA[Run the m/c]]>
            </line>
          </reporter-output>
        </test-method> <!-- run -->
        <test-method signature="bun()[pri:2, instance:testng.FlagsOfTestNG@2f8dad04]" started-at="2021-10-13T18:15:46 IST" name="bun" finished-at="2021-10-13T18:15:46 IST" duration-ms="2" status="PASS">
          <reporter-output>
            <line>
              <![CDATA[rockon]]>
            </line>
          </reporter-output>
        </test-method> <!-- bun -->
        <test-method signature="gun()[pri:3, instance:testng.FlagsOfTestNG@2f8dad04]" started-at="2021-10-13T18:15:46 IST" name="gun" finished-at="2021-10-13T18:15:46 IST" duration-ms="2" status="PASS">
          <reporter-output>
            <line>
              <![CDATA[Gun Loaded]]>
            </line>
          </reporter-output>
        </test-method> <!-- gun -->
        <test-method signature="gun()[pri:3, instance:testng.FlagsOfTestNG@2f8dad04]" started-at="2021-10-13T18:15:46 IST" name="gun" finished-at="2021-10-13T18:15:46 IST" duration-ms="2" status="PASS">
          <reporter-output>
            <line>
              <![CDATA[Gun Loaded]]>
            </line>
          </reporter-output>
        </test-method> <!-- gun -->
        <test-method signature="gun()[pri:3, instance:testng.FlagsOfTestNG@2f8dad04]" started-at="2021-10-13T18:15:46 IST" name="gun" finished-at="2021-10-13T18:15:46 IST" duration-ms="3" status="PASS">
          <reporter-output>
            <line>
              <![CDATA[Gun Loaded]]>
            </line>
          </reporter-output>
        </test-method> <!-- gun -->
        <test-method signature="gun()[pri:3, instance:testng.FlagsOfTestNG@2f8dad04]" started-at="2021-10-13T18:15:46 IST" name="gun" finished-at="2021-10-13T18:15:46 IST" duration-ms="2" status="PASS">
          <reporter-output>
            <line>
              <![CDATA[Gun Loaded]]>
            </line>
          </reporter-output>
        </test-method> <!-- gun -->
        <test-method signature="gun()[pri:3, instance:testng.FlagsOfTestNG@2f8dad04]" started-at="2021-10-13T18:15:46 IST" name="gun" finished-at="2021-10-13T18:15:46 IST" duration-ms="2" status="PASS">
          <reporter-output>
            <line>
              <![CDATA[Gun Loaded]]>
            </line>
          </reporter-output>
        </test-method> <!-- gun -->
        <test-method signature="gun()[pri:3, instance:testng.FlagsOfTestNG@2f8dad04]" started-at="2021-10-13T18:15:46 IST" name="gun" finished-at="2021-10-13T18:15:46 IST" duration-ms="2" status="PASS">
          <reporter-output>
            <line>
              <![CDATA[Gun Loaded]]>
            </line>
          </reporter-output>
        </test-method> <!-- gun -->
        <test-method signature="gun()[pri:3, instance:testng.FlagsOfTestNG@2f8dad04]" started-at="2021-10-13T18:15:46 IST" name="gun" finished-at="2021-10-13T18:15:46 IST" duration-ms="2" status="PASS">
          <reporter-output>
            <line>
              <![CDATA[Gun Loaded]]>
            </line>
          </reporter-output>
        </test-method> <!-- gun -->
        <test-method signature="gun()[pri:3, instance:testng.FlagsOfTestNG@2f8dad04]" started-at="2021-10-13T18:15:46 IST" name="gun" finished-at="2021-10-13T18:15:46 IST" duration-ms="2" status="PASS">
          <reporter-output>
            <line>
              <![CDATA[Gun Loaded]]>
            </line>
          </reporter-output>
        </test-method> <!-- gun -->
        <test-method signature="gun()[pri:3, instance:testng.FlagsOfTestNG@2f8dad04]" started-at="2021-10-13T18:15:46 IST" name="gun" finished-at="2021-10-13T18:15:46 IST" duration-ms="1" status="PASS">
          <reporter-output>
            <line>
              <![CDATA[Gun Loaded]]>
            </line>
          </reporter-output>
        </test-method> <!-- gun -->
        <test-method signature="gun()[pri:3, instance:testng.FlagsOfTestNG@2f8dad04]" started-at="2021-10-13T18:15:46 IST" name="gun" finished-at="2021-10-13T18:15:46 IST" duration-ms="1" status="PASS">
          <reporter-output>
            <line>
              <![CDATA[Gun Loaded]]>
            </line>
          </reporter-output>
        </test-method> <!-- gun -->
      </class> <!-- testng.FlagsOfTestNG -->
    </test> <!-- Default test -->
  </suite> <!-- Default suite -->
</testng-results>
